<?xml version="1.0" encoding="UTF-8"?>
<testsuite name="com.guru99.bank.prueba.runners.NewAccountRunner" tests="0" skipped="0" failures="0" errors="0" timestamp="1970-01-01T00:00:00" hostname="LAPTOP-AQ53B80U" time="0.0">
  <properties/>
  <system-out><![CDATA[
?[31mFailed scenarios:?[0m
?[31msrc/test/resources/features/NewAccount.feature:27 ?[0m# Como usuario ingreso los datos de la nueva cuenta

1 Scenarios (?[31m1 failed?[0m)
4 Steps (?[31m1 failed?[0m, ?[36m1 skipped?[0m, ?[32m2 passed?[0m)
0m7,517s

java.lang.NullPointerException
	at com.guru99.bank.pruebas.steps.NewAccountStep.clicEnElemento(NewAccountStep.java:28)
	at com.guru99.bank.pruebas.steps.NewAccountStep.escribirCustomerId(NewAccountStep.java:40)
	at com.guru99.bank.prueba.stepdefinitions.NewAccountStepDefinition.ingresaLosDatosDeLaCuentaQueSeraCreada(NewAccountStepDefinition.java:63)
	at ?.ingresa los datos de la cuenta que sera creada(src/test/resources/features/NewAccount.feature:21)

]]></system-out>
  <system-err><![CDATA[[Test worker] INFO net.thucydides.core.steps.ConsoleLoggingListener - 

-------------------------------------------------------------------------------------
     _______. _______ .______       _______ .__   __.  __  .___________.____    ____ 
    /       ||   ____||   _  \     |   ____||  \ |  | |  | |           |\   \  /   / 
   |   (----`|  |__   |  |_)  |    |  |__   |   \|  | |  | `---|  |----` \   \/   /  
    \   \    |   __|  |      /     |   __|  |  . `  | |  |     |  |       \_    _/   
.----)   |   |  |____ |  |\  \----.|  |____ |  |\   | |  |     |  |         |  |     
|_______/    |_______|| _| `._____||_______||__| \__| |__|     |__|         |__|    
                                                                                     
 News and tutorials at http://www.serenity-bdd.info                                  
 Documentation at https://wakaleo.gitbooks.io/the-serenity-book/content/             
 Join the Serenity Community on Rocket Chat at https://serenity-bdd.rocket.chat      
 Serenity BDD Support and Training at http://serenity-bdd.info/#/trainingandsupport  
 Learn Serenity BDD online at http://serenity-dojo.com                               
-------------------------------------------------------------------------------------

[Test worker] INFO net.thucydides.core.steps.ConsoleLoggingListener - Test Suite Started: HU-001 Login
[Test worker] INFO net.thucydides.core.steps.ConsoleLoggingListener - 
 _____ _____ ____ _____   ____ _____  _    ____ _____ _____ ____  
|_   _| ____/ ___|_   _| / ___|_   _|/ \  |  _ \_   _| ____|  _ \ 
  | | |  _| \___ \ | |   \___ \ | | / _ \ | |_) || | |  _| | | | |
  | | | |___ ___) || |    ___) || |/ ___ \|  _ < | | | |___| |_| |
  |_| |_____|____/ |_|   |____/ |_/_/   \_\_| \_\|_| |_____|____/ 
                                                                  

TEST STARTED: Como usuario ingreso los datos de la nueva cuenta
-------------------------------------------------------------------(hu-001-login;como-usuario-ingreso-los-datos-de-la-nueva-cuenta)
]]></system-err>
</testsuite>
