<?xml version="1.0" encoding="UTF-8"?>
<testsuite name="HU-001 Login" tests="1" skipped="0" failures="1" errors="0" timestamp="2022-11-16T19:13:17" hostname="LAPTOP-AQ53B80U" time="7.066">
  <properties/>
  <testcase name="Como usuario ingreso los datos de la nueva cuenta" classname="HU-001 Login" time="7.066">
    <failure message="java.lang.NullPointerException" type="java.lang.NullPointerException">java.lang.NullPointerException
	at com.guru99.bank.pruebas.steps.NewAccountStep.clicEnElemento(NewAccountStep.java:28)
	at com.guru99.bank.pruebas.steps.NewAccountStep.escribirCustomerId(NewAccountStep.java:40)
	at com.guru99.bank.prueba.stepdefinitions.NewAccountStepDefinition.ingresaLosDatosDeLaCuentaQueSeraCreada(NewAccountStepDefinition.java:63)
	at ✽.ingresa los datos de la cuenta que sera creada(src/test/resources/features/NewAccount.feature:21)
</failure>
  </testcase>
  <system-out><![CDATA[]]></system-out>
  <system-err><![CDATA[Starting ChromeDriver 106.0.5249.61 (511755355844955cd3e264779baf0dd38212a4d0-refs/branch-heads/5249@{#569}) on port 29914
Only local connections are allowed.
Please see https://chromedriver.chromium.org/security-considerations for suggestions on keeping ChromeDriver safe.
ChromeDriver was started successfully.
[1668626000.355][WARNING]: This version of ChromeDriver has not been tested with Chrome version 107.
nov 16, 2022 2:13:20 PM org.openqa.selenium.remote.ProtocolHandshake createSession
INFORMACIÓN: Detected dialect: W3C
[Test worker] ERROR net.thucydides.core.steps.ConsoleLoggingListener - 
           __  _____ _____ ____ _____   _____ _    ___ _     _____ ____  
  _       / / |_   _| ____/ ___|_   _| |  ___/ \  |_ _| |   | ____|  _ \ 
 (_)_____| |    | | |  _| \___ \ | |   | |_ / _ \  | || |   |  _| | | | |
  _|_____| |    | | | |___ ___) || |   |  _/ ___ \ | || |___| |___| |_| |
 (_)     | |    |_| |_____|____/ |_|   |_|/_/   \_\___|_____|_____|____/ 
          \_\                                                            

TEST FAILED WITH ERROR: Como usuario ingreso los datos de la nueva cuenta
---------------------------------------------------------------------
[Test worker] ERROR net.thucydides.core.steps.ConsoleLoggingListener - TEST FAILED AT STEP Cuando ingresa los datos de la cuenta que sera creada | id | deposito | | 17652 | 123456 |
[Test worker] ERROR net.thucydides.core.steps.ConsoleLoggingListener - 
]]></system-err>
</testsuite>
